<?xml version="1.0" encoding="UTF-8"?>
<!-- Generated by org.testng.reporters.JUnitReportReporter -->
<testsuite hostname="BheemSena" failures="0" tests="1" name="EasemyTrip.EaseMyTRip.PassAndFailReport" time="11.776" errors="0" timestamp="2023-12-07T01:34:00 IST" skipped="0">
  <testcase classname="EasemyTrip.EaseMyTRip.PassAndFailReport" name="CheckEAseMyTrip" time="11.776"/>
</testsuite> <!-- EasemyTrip.EaseMyTRip.PassAndFailReport -->
